\BOOKMARK [0][-]{Doc-Start}{\376\377\213\332\117\341\130\360\146\016}{}% 1
\BOOKMARK [0][-]{Doc-Start}{\376\377\144\130\211\201}{}% 2
\BOOKMARK [0][-]{Doc-Start}{\376\377\000A\000b\000s\000t\000r\000a\000c\000t}{}% 3
\BOOKMARK [0][-]{chapter.1}{\376\377\0001\000\040\000\040\176\352\213\272}{}% 4
\BOOKMARK [1][-]{section.1.1}{\376\377\0001\000.\0001\000\040\170\024\172\166\200\314\146\157}{chapter.1}% 5
\BOOKMARK [1][-]{section.1.2}{\376\377\0001\000.\0002\000\040\170\024\172\166\141\017\116\111}{chapter.1}% 6
\BOOKMARK [1][-]{section.1.3}{\376\377\0001\000.\0003\000\040\147\054\145\207\166\204\116\073\211\201\135\345\117\134}{chapter.1}% 7
\BOOKMARK [1][-]{section.1.4}{\376\377\0001\000.\0004\000\040\147\054\145\207\166\204\176\304\176\307\176\323\147\204}{chapter.1}% 8
\BOOKMARK [1][-]{section.1.5}{\376\377\0001\000.\0005\000\040\147\057\213\355\213\364\146\016}{chapter.1}% 9
\BOOKMARK [0][-]{chapter.2}{\376\377\0002\000\040\000\040\227\136\136\070\211\304\145\207\147\054\174\173\127\213\150\074\137\017\152\041\147\177}{}% 10
\BOOKMARK [1][-]{section.2.1}{\376\377\0002\000.\0001\000\040\126\376}{chapter.2}% 11
\BOOKMARK [2][-]{subsection.2.1.1}{\376\377\0002\000.\0001\000.\0001\000\040\126\376}{section.2.1}% 12
\BOOKMARK [2][-]{subsection.2.1.2}{\376\377\0002\000.\0001\000.\0002\000\040\133\120\126\376}{section.2.1}% 13
\BOOKMARK [1][-]{section.2.2}{\376\377\0002\000.\0002\000\040\210\150}{chapter.2}% 14
\BOOKMARK [1][-]{section.2.3}{\376\377\0002\000.\0003\000\040\117\052\116\343\170\001}{chapter.2}% 15
\BOOKMARK [1][-]{section.2.4}{\376\377\0002\000.\0004\000\040\121\154\137\017}{chapter.2}% 16
\BOOKMARK [1][-]{section.2.5}{\376\377\0002\000.\0005\000\040\137\025\165\050}{chapter.2}% 17
\BOOKMARK [1][-]{section.2.6}{\376\377\0002\000.\0006\000\040\121\166\133\203}{chapter.2}% 18
\BOOKMARK [0][-]{chapter.3}{\376\377\0003\000\040\000\040\145\271\154\325\213\276\213\241}{}% 19
\BOOKMARK [0][-]{chapter.4}{\376\377\0004\000\040\000\040\133\236\232\214\116\016\213\304\117\060}{}% 20
\BOOKMARK [1][-]{section.4.1}{\376\377\0004\000.\0001\000\040\133\236\232\214\163\257\130\203}{chapter.4}% 21
\BOOKMARK [2][-]{subsection.4.1.1}{\376\377\0004\000.\0001\000.\0001\000\040\133\236\232\214\136\163\123\360}{section.4.1}% 22
\BOOKMARK [3][-]{subsubsection.4.1.1.1}{\376\377\0004\000.\0001\000.\0001\000.\0001\000\040\144\315\117\134\174\373\176\337}{subsection.4.1.1}% 23
\BOOKMARK [3][-]{subsubsection.4.1.1.2}{\376\377\0004\000.\0001\000.\0001\000.\0002\000\040\140\047\200\375}{subsection.4.1.1}% 24
\BOOKMARK [2][-]{subsection.4.1.2}{\376\377\0004\000.\0001\000.\0002\000\040\116\343\170\001\133\236\163\260}{section.4.1}% 25
\BOOKMARK [2][-]{subsection.4.1.3}{\376\377\0004\000.\0001\000.\0003\000\040\150\067\147\054\147\145\156\220}{section.4.1}% 26
\BOOKMARK [1][-]{section.4.2}{\376\377\0004\000.\0002\000\040\133\236\232\214\213\276\213\241}{chapter.4}% 27
\BOOKMARK [1][-]{section.4.3}{\376\377\0004\000.\0003\000\040\176\323\147\234\116\016\213\304\117\060}{chapter.4}% 28
\BOOKMARK [1][-]{section.4.4}{\376\377\0004\000.\0004\000\040\140\073\176\323\116\016\213\250\213\272}{chapter.4}% 29
\BOOKMARK [0][-]{chapter.5}{\376\377\0005\000\040\000\040\176\323\213\272\116\016\134\125\147\033}{}% 30
\BOOKMARK [0][-]{appendix*.2}{\376\377\201\364\214\042}{}% 31
\BOOKMARK [0][-]{appendix*.3}{\376\377\226\104\137\125\000A\377\032\145\160\143\156\123\357\165\050\140\047}{}% 32
\BOOKMARK [0][-]{appendix*.4}{\376\377\226\104\137\125\000B\377\032\127\050\133\146\147\037\225\364\133\214\142\020\166\204\166\370\121\163\133\146\147\057\142\020\147\234}{}% 33
\BOOKMARK [1][-]{section*.5}{\376\377\000B\0001\000\040\173\133\220\011\166\204\133\146\147\057\213\272\145\207}{appendix*.4}% 34
\BOOKMARK [1][-]{section*.6}{\376\377\000B\0002\000\040\167\345\213\306\116\247\147\103}{appendix*.4}% 35
\BOOKMARK [1][-]{section*.7}{\376\377\000B\0003\000\040\230\171\166\356\176\317\123\206}{appendix*.4}% 36
\BOOKMARK [1][-]{section*.8}{\376\377\000B\0004\000\040\173\133\220\011\166\204\153\324\215\133\203\267\131\126}{appendix*.4}% 37
\BOOKMARK [1][-]{section*.9}{\376\377\000B\0005\000\040\173\133\220\011\166\204\203\143\212\211\171\360\123\367}{appendix*.4}% 38
\BOOKMARK [0][-]{Item.22}{\376\377\123\302\200\003\145\207\163\056}{}% 39
